<?xml version="1.0" encoding="UTF-8"?><testsuite errors="0" failures="0" name="yo como usuario de rapicredit" skipped="0" tests="3" time="90.77" timestamp="2024-01-18 06:28:45"><testcase name="Ingresar al login unificado desde el enlace de Tyc en el onboarding de Rapiplazo"/><testcase name="Ingresar al login unificado desde el enlace de la politica de protección de datos en el onboarding de Rapiplazo"/><testcase name="Ingresar al login unificado desde el enlace de autorización de datos en el onboarding de Rapiplazo"/></testsuite>