<?xml version="1.0" encoding="UTF-8"?><testsuite errors="0" failures="0" name="yo como usuario de rapicredit" skipped="0" tests="3" time="136.64" timestamp="2023-12-19 09:23:34"><testcase name="Ingresar al login unificado desde el enlace de Tyc en el onboarding de Rapiplazo"/><testcase name="Ingresar al login unificado desde el enlace de la politica de protección de datos en el onboarding de Rapiplazo"/><testcase name="Ingresar al login unificado desde el enlace de autorización de datos en el onboarding de Rapiplazo"/></testsuite>