<?xml version="1.0" encoding="UTF-8"?><testsuite errors="1" failures="0" name="Yo como usuario de rapicredit" skipped="0" tests="1" time="46.1" timestamp="2023-12-20 01:52:16"><testcase name="crear una solicitud exitosa en rapiplazo e iniciar sesión"><error message="Your Task class must have a public constructor." type="net.serenitybdd.screenplay.TaskInstantiationException">Your Task class must have a public constructor.</error><system-err>Your Task class must have a public constructor.&#13;
co.com.rapicredit.tasks.onboardingRP.DiligenciarCreaciónDeCuenta.performAs(DiligenciarCreaciónDeCuenta.java:50)&#13;
co.com.rapicredit.stepDefinitions.crearCuentayhacerLogin.CrearCuentayHacerLoginStepDefinitions.que_realizo_una_solicitud_exitosa_en_el_onboarding_de_rapiplazo(CrearCuentayHacerLoginStepDefinitions.java:30)&#13;
io.cucumber.java.Invoker.invoke(Invoker.java:27)&#13;
io.cucumber.java.JavaStepDefinition.execute(JavaStepDefinition.java:27)&#13;
io.cucumber.core.runner.PickleStepDefinitionMatch.runStep(PickleStepDefinitionMatch.java:63)&#13;
io.cucumber.core.runner.TestStep.executeStep(TestStep.java:64)&#13;
io.cucumber.core.runner.TestStep.run(TestStep.java:49)&#13;
io.cucumber.core.runner.PickleStepTestStep.run(PickleStepTestStep.java:46)&#13;
io.cucumber.core.runner.TestCase.run(TestCase.java:51)&#13;
io.cucumber.core.runner.Runner.runPickle(Runner.java:67)&#13;
io.cucumber.junit.FeatureRunner.runChild(FeatureRunner.java:83)&#13;
io.cucumber.junit.FeatureRunner.runChild(FeatureRunner.java:24)&#13;
io.cucumber.junit.CucumberSerenityRunner.runChild(CucumberSerenityRunner.java:227)&#13;
io.cucumber.junit.CucumberSerenityRunner.runChild(CucumberSerenityRunner.java:54)&#13;
worker.org.gradle.process.internal.worker.GradleWorkerMain.run(GradleWorkerMain.java:69)&#13;
worker.org.gradle.process.internal.worker.GradleWorkerMain.main(GradleWorkerMain.java:74)&#13;
</system-err></testcase></testsuite>